Unity Editor version:    2021.3.17f1 (3e8111cac19d)
Branch:                  2021.3/release
Build type:              Release
Batch mode:              YES
macOS version:           Version 12.6 (Build 21G115)
Darwin version:          21.6.0
Architecture:            x86_64
Running under Rosetta:   NO
Available memory:        16384 MB
Using pre-set license
Pro License: YES

COMMAND LINE ARGUMENTS:
/Applications/Unity/Hub/Editor/2021.3.17f1/Unity.app/Contents/MacOS/Unity
-adb2
-batchMode
-noUpm
-name
AssetImportWorker1
-projectPath
/Users/vincentzhao/Desktop/Game_development/Durham Computer Science Student Adventure
-logFile
Logs/AssetImportWorker1.log
-srvPort
56047
Successfully changed project path to: /Users/vincentzhao/Desktop/Game_development/Durham Computer Science Student Adventure
/Users/vincentzhao/Desktop/Game_development/Durham Computer Science Student Adventure
[UnityMemory] Configuration Parameters - Can be set up in boot.config
    "memorysetup-bucket-allocator-granularity=16"
    "memorysetup-bucket-allocator-bucket-count=8"
    "memorysetup-bucket-allocator-block-size=33554432"
    "memorysetup-bucket-allocator-block-count=8"
    "memorysetup-main-allocator-block-size=16777216"
    "memorysetup-thread-allocator-block-size=16777216"
    "memorysetup-gfx-main-allocator-block-size=16777216"
    "memorysetup-gfx-thread-allocator-block-size=16777216"
    "memorysetup-cache-allocator-block-size=4194304"
    "memorysetup-typetree-allocator-block-size=2097152"
    "memorysetup-profiler-bucket-allocator-granularity=16"
    "memorysetup-profiler-bucket-allocator-bucket-count=8"
    "memorysetup-profiler-bucket-allocator-block-size=33554432"
    "memorysetup-profiler-bucket-allocator-block-count=8"
    "memorysetup-profiler-allocator-block-size=16777216"
    "memorysetup-profiler-editor-allocator-block-size=1048576"
    "memorysetup-temp-allocator-size-main=16777216"
    "memorysetup-job-temp-allocator-block-size=2097152"
    "memorysetup-job-temp-allocator-block-size-background=1048576"
    "memorysetup-job-temp-allocator-reduction-small-platforms=262144"
    "memorysetup-temp-allocator-size-background-worker=32768"
    "memorysetup-temp-allocator-size-job-worker=262144"
    "memorysetup-temp-allocator-size-preload-manager=33554432"
    "memorysetup-temp-allocator-size-nav-mesh-worker=65536"
    "memorysetup-temp-allocator-size-audio-worker=65536"
    "memorysetup-temp-allocator-size-cloud-worker=32768"
    "memorysetup-temp-allocator-size-gi-baking-worker=262144"
    "memorysetup-temp-allocator-size-gfx=262144"
Player connection [4749338112] Host "[IP] 192.168.4.38 [Port] 0 [Flags] 2 [Guid] 4178903576 [EditorId] 4178903576 [Version] 1048832 [Id] OSXEditor(0,vincentdeMacBook-Pro-5.local) [Debug] 1 [PackageName] OSXEditor [ProjectName] Editor" joined multi-casting on [225.0.0.222:54997]...

Player connection [4749338112] Host "[IP] 192.168.4.38 [Port] 0 [Flags] 2 [Guid] 4178903576 [EditorId] 4178903576 [Version] 1048832 [Id] OSXEditor(0,vincentdeMacBook-Pro-5.local) [Debug] 1 [PackageName] OSXEditor [ProjectName] Editor" joined alternative multi-casting on [225.0.0.222:34997]...

Refreshing native plugins compatible for Editor in 136.57 ms, found 3 plugins.
Preloading 0 native plugins for Editor in 0.00 ms.
Initialize engine version: 2021.3.17f1 (3e8111cac19d)
[Subsystems] Discovering subsystems at path /Applications/Unity/Hub/Editor/2021.3.17f1/Unity.app/Contents/Resources/UnitySubsystems
[Subsystems] Discovering subsystems at path /Users/vincentzhao/Desktop/Game_development/Durham Computer Science Student Adventure/Assets
GfxDevice: creating device client; threaded=0; jobified=0
Color LCD preferred device: AMD Radeon Pro 5500M (high power)
Metal devices available: 2
0: AMD Radeon Pro 5500M (high power)
1: Intel(R) UHD Graphics 630 (low power)
Using device AMD Radeon Pro 5500M (high power)
Initializing Metal device caps: AMD Radeon Pro 5500M
Initialize mono
Mono path[0] = '/Applications/Unity/Hub/Editor/2021.3.17f1/Unity.app/Contents/Managed'
Mono path[1] = '/Applications/Unity/Hub/Editor/2021.3.17f1/Unity.app/Contents/MonoBleedingEdge/lib/mono/unityjit-macos'
Mono config path = '/Applications/Unity/Hub/Editor/2021.3.17f1/Unity.app/Contents/MonoBleedingEdge/etc'
Using monoOptions --debugger-agent=transport=dt_socket,embedding=1,server=y,suspend=n,address=127.0.0.1:56107
Begin MonoManager ReloadAssembly
Registering precompiled unity dll's ...
Register platform support module: /Applications/Unity/Hub/Editor/2021.3.17f1/Unity.app/Contents/PlaybackEngines/MacStandaloneSupport/UnityEditor.OSXStandalone.Extensions.dll
Register platform support module: /Applications/Unity/Hub/Editor/2021.3.17f1/PlaybackEngines/iOSSupport/UnityEditor.iOS.Extensions.dll
Registered in 0.003041 seconds.
[usbmuxd] Start listen thread
[usbmuxd] Listen thread started
[usbmuxd] Send listen message
Native extension for iOS target not found
Native extension for OSXStandalone target not found
Refreshing native plugins compatible for Editor in 102.49 ms, found 3 plugins.
Preloading 0 native plugins for Editor in 0.00 ms.
Mono: successfully reloaded assembly
- Completed reload, in  1.097 seconds
Domain Reload Profiling:
	ReloadAssembly (1097ms)
		BeginReloadAssembly (206ms)
			ExecutionOrderSort (0ms)
			DisableScriptedObjects (0ms)
			BackupInstance (0ms)
			ReleaseScriptingObjects (0ms)
			CreateAndSetChildDomain (1ms)
		EndReloadAssembly (727ms)
			LoadAssemblies (207ms)
			RebuildTransferFunctionScriptingTraits (0ms)
			SetupTypeCache (180ms)
			ReleaseScriptCaches (0ms)
			RebuildScriptCaches (41ms)
			SetupLoadedEditorAssemblies (442ms)
				LogAssemblyErrors (0ms)
				InitializePlatformSupportModulesInManaged (90ms)
				SetLoadedEditorAssemblies (0ms)
				RefreshPlugins (103ms)
				BeforeProcessingInitializeOnLoad (2ms)
				ProcessInitializeOnLoadAttributes (191ms)
				ProcessInitializeOnLoadMethodAttributes (58ms)
				AfterProcessingInitializeOnLoad (0ms)
				EditorAssembliesLoaded (0ms)
			ExecutionOrderSort2 (0ms)
			AwakeInstancesAfterBackupRestoration (0ms)
Platform modules already initialized, skipping
Registering precompiled user dll's ...
Registered in 0.003093 seconds.
Begin MonoManager ReloadAssembly
Symbol file LoadedFromMemory doesn't match image /Users/vincentzhao/Desktop/Game_development/Durham Computer Science Student Adventure/Library/PackageCache/com.unity.visualscripting@1.8.0/Editor/VisualScripting.Core/Dependencies/YamlDotNet/Unity.VisualScripting.YamlDotNet.dll
Symbol file LoadedFromMemory doesn't match image /Users/vincentzhao/Desktop/Game_development/Durham Computer Science Student Adventure/Library/PackageCache/com.unity.visualscripting@1.8.0/Editor/VisualScripting.Core/Dependencies/DotNetZip/Unity.VisualScripting.IonicZip.dll
Native extension for iOS target not found
Native extension for OSXStandalone target not found
Refreshing native plugins compatible for Editor in 124.95 ms, found 3 plugins.
Preloading 0 native plugins for Editor in 0.00 ms.
Mono: successfully reloaded assembly
- Completed reload, in  1.856 seconds
Domain Reload Profiling:
	ReloadAssembly (1857ms)
		BeginReloadAssembly (172ms)
			ExecutionOrderSort (0ms)
			DisableScriptedObjects (12ms)
			BackupInstance (0ms)
			ReleaseScriptingObjects (0ms)
			CreateAndSetChildDomain (48ms)
		EndReloadAssembly (1450ms)
			LoadAssemblies (147ms)
			RebuildTransferFunctionScriptingTraits (0ms)
			SetupTypeCache (452ms)
			ReleaseScriptCaches (1ms)
			RebuildScriptCaches (86ms)
			SetupLoadedEditorAssemblies (690ms)
				LogAssemblyErrors (0ms)
				InitializePlatformSupportModulesInManaged (31ms)
				SetLoadedEditorAssemblies (0ms)
				RefreshPlugins (125ms)
				BeforeProcessingInitializeOnLoad (113ms)
				ProcessInitializeOnLoadAttributes (359ms)
				ProcessInitializeOnLoadMethodAttributes (61ms)
				AfterProcessingInitializeOnLoad (1ms)
				EditorAssembliesLoaded (0ms)
			ExecutionOrderSort2 (0ms)
			AwakeInstancesAfterBackupRestoration (5ms)
Platform modules already initialized, skipping
========================================================================
Worker process is ready to serve import requests
Launching external process: /Applications/Unity/Hub/Editor/2021.3.17f1/Unity.app/Contents/Tools/UnityShaderCompiler
Launched and connected shader compiler UnityShaderCompiler after 0.07 seconds
Refreshing native plugins compatible for Editor in 0.72 ms, found 3 plugins.
Preloading 0 native plugins for Editor in 0.00 ms.
Unloading 4061 Unused Serialized files (Serialized files now loaded: 0)
Unloading 44 unused Assets / (169.4 KB). Loaded Objects now: 4511.
Memory consumption went from 150.9 MB to 150.7 MB.
Total: 7.582653 ms (FindLiveObjects: 0.569172 ms CreateObjectMapping: 0.506738 ms MarkObjects: 6.120791 ms  DeleteObjects: 0.384339 ms)

AssetImportParameters requested are different than current active one (requested -> active):
  custom:video-decoder-ogg-theora: a1e56fd34408186e4bbccfd4996cb3dc -> 
  custom:container-muxer-webm: aa71ff27fc2769a1b78a27578f13a17b -> 
  custom:container-demuxer-webm: 4f35f7cbe854078d1ac9338744f61a02 -> 
  custom:video-encoder-webm-vp8: eb34c28f22e8b96e1ab97ce403110664 -> 
  custom:framework-osx-AVFoundation: e770b220cccbd017edd2c1fefb359320 -> 
  custom:audio-encoder-webm-vorbis: bf7c407c2cedff20999df2af8eb42d56 -> 
  custom:container-demuxer-ogg: 62fdf1f143b41e24485cea50d1cbac27 -> 
  custom:video-decoder-webm-vp8: 9c59270c3fd7afecdb556c50c9e8de78 -> 
  custom:audio-decoder-ogg-vorbis: bf7c407c2cedff20999df2af8eb42d56 -> 
========================================================================
Received Import Request.
  Time since last request: 77042.871792 seconds.
  path: Assets/Sprites/Cloud2.png
  artifactKey: Guid(12c86a5ab5add474fb2e85f1984d89cb) Importer(815301076,1909f56bfc062723c751e8b465ee728b)
Start importing Assets/Sprites/Cloud2.png using Guid(12c86a5ab5add474fb2e85f1984d89cb) Importer(815301076,1909f56bfc062723c751e8b465ee728b)  -> (artifact id: '01b451d468a0de14449d64a1178bdc15') in 1.212674 seconds 
========================================================================
Received Import Request.
  Time since last request: 0.000121 seconds.
  path: Assets/Sprites/Mario_Big_Slide.png
  artifactKey: Guid(bfb02f37424e1504cb18192b8e445d43) Importer(815301076,1909f56bfc062723c751e8b465ee728b)
Start importing Assets/Sprites/Mario_Big_Slide.png using Guid(bfb02f37424e1504cb18192b8e445d43) Importer(815301076,1909f56bfc062723c751e8b465ee728b)  -> (artifact id: '8d27b403288a414bd292a3311898fec0') in 0.042089 seconds 
========================================================================
Received Import Request.
  Time since last request: 0.000176 seconds.
  path: Assets/Sprites/Goomba_Walk1.png
  artifactKey: Guid(56edcd414648ccd46810c8fb8d71f38f) Importer(815301076,1909f56bfc062723c751e8b465ee728b)
Start importing Assets/Sprites/Goomba_Walk1.png using Guid(56edcd414648ccd46810c8fb8d71f38f) Importer(815301076,1909f56bfc062723c751e8b465ee728b)  -> (artifact id: '8a1793ea913102afbb97e0a3a9e3c1ed') in 0.032904 seconds 
========================================================================
Received Import Request.
  Time since last request: 0.000123 seconds.
  path: Assets/Sprites/Bush2.png
  artifactKey: Guid(eb7f04bcd74b6b14fa110cae7e940b4f) Importer(815301076,1909f56bfc062723c751e8b465ee728b)
Start importing Assets/Sprites/Bush2.png using Guid(eb7f04bcd74b6b14fa110cae7e940b4f) Importer(815301076,1909f56bfc062723c751e8b465ee728b)  -> (artifact id: 'bb9ec206e202e9a4ceb03c89fadc2b3a') in 0.016981 seconds 
========================================================================
Received Import Request.
  Time since last request: 0.000133 seconds.
  path: Assets/Sprites/MysteryBlock.png
  artifactKey: Guid(17e732b55628c674d8e75c88caae6716) Importer(815301076,1909f56bfc062723c751e8b465ee728b)
Start importing Assets/Sprites/MysteryBlock.png using Guid(17e732b55628c674d8e75c88caae6716) Importer(815301076,1909f56bfc062723c751e8b465ee728b)  -> (artifact id: 'fec29e74388537f484b4edf37b3d9d68') in 0.016057 seconds 
========================================================================
Received Import Request.
  Time since last request: 0.000092 seconds.
  path: Assets/Sprites/Koopa_Shell.png
  artifactKey: Guid(f882caca8db1d9547be2c030f5a6b82e) Importer(815301076,1909f56bfc062723c751e8b465ee728b)
Start importing Assets/Sprites/Koopa_Shell.png using Guid(f882caca8db1d9547be2c030f5a6b82e) Importer(815301076,1909f56bfc062723c751e8b465ee728b)  -> (artifact id: '9868b256df38fd330859baf194adfad1') in 0.018634 seconds 
========================================================================
Received Import Request.
  Time since last request: 0.000141 seconds.
  path: Assets/Sprites/PipeBottom.png
  artifactKey: Guid(a1441adada3c0ac4397278628e51b2de) Importer(815301076,1909f56bfc062723c751e8b465ee728b)
Start importing Assets/Sprites/PipeBottom.png using Guid(a1441adada3c0ac4397278628e51b2de) Importer(815301076,1909f56bfc062723c751e8b465ee728b)  -> (artifact id: '30bbe3ba5a30286d6da8adb852aad5a4') in 0.013423 seconds 
========================================================================
Received Import Request.
  Time since last request: 0.000082 seconds.
  path: Assets/Sprites/Bush3.png
  artifactKey: Guid(9a2b1ce79c2570343998bdd0e4931000) Importer(815301076,1909f56bfc062723c751e8b465ee728b)
Start importing Assets/Sprites/Bush3.png using Guid(9a2b1ce79c2570343998bdd0e4931000) Importer(815301076,1909f56bfc062723c751e8b465ee728b)  -> (artifact id: 'bc3153b1f0802e298ab87d6e78e1ad2e') in 0.017201 seconds 
========================================================================
Received Import Request.
  Time since last request: 0.000130 seconds.
  path: Assets/Sprites/PipeTop.png
  artifactKey: Guid(904eec77acde2574699c0198147e141b) Importer(815301076,1909f56bfc062723c751e8b465ee728b)
Start importing Assets/Sprites/PipeTop.png using Guid(904eec77acde2574699c0198147e141b) Importer(815301076,1909f56bfc062723c751e8b465ee728b)  -> (artifact id: 'e9885a49c363e784b700118842ebb39a') in 0.013200 seconds 
========================================================================
Received Import Request.
  Time since last request: 0.000082 seconds.
  path: Assets/Sprites/Coin.png
  artifactKey: Guid(1c7111107e01db6468b7962b774d337e) Importer(815301076,1909f56bfc062723c751e8b465ee728b)
Start importing Assets/Sprites/Coin.png using Guid(1c7111107e01db6468b7962b774d337e) Importer(815301076,1909f56bfc062723c751e8b465ee728b)  -> (artifact id: '92cc3a77cde63522488b5320f02a5c7c') in 0.014205 seconds 
========================================================================
Received Import Request.
  Time since last request: 0.000077 seconds.
  path: Assets/Sprites/Mario_Small_Run2.png
  artifactKey: Guid(35672984aa1fd894da6716da8832d93a) Importer(815301076,1909f56bfc062723c751e8b465ee728b)
Start importing Assets/Sprites/Mario_Small_Run2.png using Guid(35672984aa1fd894da6716da8832d93a) Importer(815301076,1909f56bfc062723c751e8b465ee728b)  -> (artifact id: '928cda06221e384840cde6a41ed4081e') in 0.024550 seconds 
========================================================================
Received Import Request.
  Time since last request: 0.000101 seconds.
  path: Assets/Sprites/Mario_Small_Slide.png
  artifactKey: Guid(98014fa15d2f2f84495aa2512e65cfba) Importer(815301076,1909f56bfc062723c751e8b465ee728b)
Start importing Assets/Sprites/Mario_Small_Slide.png using Guid(98014fa15d2f2f84495aa2512e65cfba) Importer(815301076,1909f56bfc062723c751e8b465ee728b)  -> (artifact id: '7243a7fa97cbf0123b3e2dcafed902f7') in 0.013333 seconds 
========================================================================
Received Import Request.
  Time since last request: 263.320216 seconds.
  path: ProjectSettings/TagManager.asset
  artifactKey: Guid(00000000000000003000000000000000) Importer(815301076,1909f56bfc062723c751e8b465ee728b)
Start importing ProjectSettings/TagManager.asset using Guid(00000000000000003000000000000000) Importer(815301076,1909f56bfc062723c751e8b465ee728b)  -> (artifact id: '5f74b9f0782f3ffe8a654b2b60a9f33c') in 0.930770 seconds 
========================================================================
Received Import Request.
  Time since last request: 131.847978 seconds.
  path: Assets/Prefabs
  artifactKey: Guid(be0d9706a6eb343fc8287b732d96c157) Importer(815301076,1909f56bfc062723c751e8b465ee728b)
Start importing Assets/Prefabs using Guid(be0d9706a6eb343fc8287b732d96c157) Importer(815301076,1909f56bfc062723c751e8b465ee728b)  -> (artifact id: 'c2edb6575e1d2c14a448023e5bdd448e') in 0.002376 seconds 
========================================================================
Received Import Request.
  Time since last request: 21.728730 seconds.
  path: Assets/Prefabs/Bush1.prefab
  artifactKey: Guid(c9cd5a2ad2c3a4d2fbc58822f3d32be3) Importer(815301076,1909f56bfc062723c751e8b465ee728b)
Start importing Assets/Prefabs/Bush1.prefab using Guid(c9cd5a2ad2c3a4d2fbc58822f3d32be3) Importer(815301076,1909f56bfc062723c751e8b465ee728b)  -> (artifact id: 'd7299eacbd4bd202cefb55be054a3d92') in 0.276557 seconds 
========================================================================
Received Import Request.
  Time since last request: 2.281548 seconds.
  path: Assets/Prefabs/Bush2.prefab
  artifactKey: Guid(5beb63f469f0743418117728df0a2dd0) Importer(815301076,1909f56bfc062723c751e8b465ee728b)
Start importing Assets/Prefabs/Bush2.prefab using Guid(5beb63f469f0743418117728df0a2dd0) Importer(815301076,1909f56bfc062723c751e8b465ee728b)  -> (artifact id: 'a32e6acf81f71f9db05ef1ccd40267e5') in 0.012101 seconds 
========================================================================
Received Import Request.
  Time since last request: 2.338223 seconds.
  path: Assets/Prefabs/Bush3.prefab
  artifactKey: Guid(880e07a47c3dd46f2b6cb4ab26eca210) Importer(815301076,1909f56bfc062723c751e8b465ee728b)
Start importing Assets/Prefabs/Bush3.prefab using Guid(880e07a47c3dd46f2b6cb4ab26eca210) Importer(815301076,1909f56bfc062723c751e8b465ee728b)  -> (artifact id: '2fecb5a832b26449c9f85684575e061b') in 0.012010 seconds 
========================================================================
Received Import Request.
  Time since last request: 2.231074 seconds.
  path: Assets/Prefabs/Cloud1.prefab
  artifactKey: Guid(d3a710b1489e441578e04c7db60b9e10) Importer(815301076,1909f56bfc062723c751e8b465ee728b)
Start importing Assets/Prefabs/Cloud1.prefab using Guid(d3a710b1489e441578e04c7db60b9e10) Importer(815301076,1909f56bfc062723c751e8b465ee728b)  -> (artifact id: 'd3f5f0d8e8ac2500e2bfde8f181eea9a') in 0.009485 seconds 
========================================================================
Received Import Request.
  Time since last request: 1.834565 seconds.
  path: Assets/Prefabs/Cloud2.prefab
  artifactKey: Guid(7d5d78a0669524e69bc365ea64d80d93) Importer(815301076,1909f56bfc062723c751e8b465ee728b)
Start importing Assets/Prefabs/Cloud2.prefab using Guid(7d5d78a0669524e69bc365ea64d80d93) Importer(815301076,1909f56bfc062723c751e8b465ee728b)  -> (artifact id: 'c2423b4394d21cf6782daf34723017de') in 0.009310 seconds 
========================================================================
Received Import Request.
  Time since last request: 2.027012 seconds.
  path: Assets/Prefabs/Cloud3.prefab
  artifactKey: Guid(6b4b30f5a5df844ae94eab3117a23862) Importer(815301076,1909f56bfc062723c751e8b465ee728b)
Start importing Assets/Prefabs/Cloud3.prefab using Guid(6b4b30f5a5df844ae94eab3117a23862) Importer(815301076,1909f56bfc062723c751e8b465ee728b)  -> (artifact id: '06f32fe54b5e260446be1f4c1f8ec597') in 0.011158 seconds 
========================================================================
Received Import Request.
  Time since last request: 1.805873 seconds.
  path: Assets/Prefabs/Hill1.prefab
  artifactKey: Guid(4e894afa3d0ae4581bc1ff1c4f5c2e98) Importer(815301076,1909f56bfc062723c751e8b465ee728b)
Start importing Assets/Prefabs/Hill1.prefab using Guid(4e894afa3d0ae4581bc1ff1c4f5c2e98) Importer(815301076,1909f56bfc062723c751e8b465ee728b)  -> (artifact id: '7c12d03f66dcfb4cafb0728d0d0064bf') in 0.010066 seconds 
========================================================================
Received Import Request.
  Time since last request: 2.031425 seconds.
  path: Assets/Prefabs/Hill2.prefab
  artifactKey: Guid(a11c5b172c49f40af9f8608d85706cd3) Importer(815301076,1909f56bfc062723c751e8b465ee728b)
Start importing Assets/Prefabs/Hill2.prefab using Guid(a11c5b172c49f40af9f8608d85706cd3) Importer(815301076,1909f56bfc062723c751e8b465ee728b)  -> (artifact id: '6d23707017bb5e32700c6df5a39b7760') in 0.009504 seconds 
========================================================================
Received Import Request.
  Time since last request: 426.046737 seconds.
  path: Assets/Prefabs/UndergroundBlock.prefab
  artifactKey: Guid(b2f6334c5587741da994cb882b33c1a4) Importer(815301076,1909f56bfc062723c751e8b465ee728b)
Start importing Assets/Prefabs/UndergroundBlock.prefab using Guid(b2f6334c5587741da994cb882b33c1a4) Importer(815301076,1909f56bfc062723c751e8b465ee728b)  -> (artifact id: 'd9914656fc69b5f7dfd45a28c3a2c026') in 0.016638 seconds 
========================================================================
Received Import Request.
  Time since last request: 0.000070 seconds.
  path: Assets/Prefabs/GroundBlock.prefab
  artifactKey: Guid(8b1f12b8a27c144d1b59ba400ced1bb5) Importer(815301076,1909f56bfc062723c751e8b465ee728b)
Start importing Assets/Prefabs/GroundBlock.prefab using Guid(8b1f12b8a27c144d1b59ba400ced1bb5) Importer(815301076,1909f56bfc062723c751e8b465ee728b)  -> (artifact id: '05ee1e40d5323a56d41b901a326915ed') in 0.012402 seconds 
========================================================================
Received Import Request.
  Time since last request: 0.000098 seconds.
  path: Assets/Prefabs/MysteryBlock.prefab
  artifactKey: Guid(36d2de03f5db54f16b7d26ccd78c5fa2) Importer(815301076,1909f56bfc062723c751e8b465ee728b)
Start importing Assets/Prefabs/MysteryBlock.prefab using Guid(36d2de03f5db54f16b7d26ccd78c5fa2) Importer(815301076,1909f56bfc062723c751e8b465ee728b)  -> (artifact id: '6338683e01e3f6bacc9609b9fd78ad1b') in 0.008542 seconds 
========================================================================
Received Import Request.
  Time since last request: 0.000104 seconds.
  path: Assets/Prefabs/HardBlock.prefab
  artifactKey: Guid(170c541bb364c46579060e05409f3bdb) Importer(815301076,1909f56bfc062723c751e8b465ee728b)
Start importing Assets/Prefabs/HardBlock.prefab using Guid(170c541bb364c46579060e05409f3bdb) Importer(815301076,1909f56bfc062723c751e8b465ee728b)  -> (artifact id: 'e8a2a8a0ecbac6d9e4b7e74b77b9db1c') in 0.010721 seconds 
========================================================================
Received Import Request.
  Time since last request: 0.000147 seconds.
  path: Assets/Prefabs/EmptyBlock.prefab
  artifactKey: Guid(9027e05d1a5404a9c881ba664d50bdb0) Importer(815301076,1909f56bfc062723c751e8b465ee728b)
Start importing Assets/Prefabs/EmptyBlock.prefab using Guid(9027e05d1a5404a9c881ba664d50bdb0) Importer(815301076,1909f56bfc062723c751e8b465ee728b)  -> (artifact id: '9399a52b3db28518ef8cf353164c9ad3') in 0.012560 seconds 
========================================================================
Received Import Request.
  Time since last request: 0.000081 seconds.
  path: Assets/Prefabs/UndergroundBrick.prefab
  artifactKey: Guid(a32cd93ee88144772b3659974e94d041) Importer(815301076,1909f56bfc062723c751e8b465ee728b)
Start importing Assets/Prefabs/UndergroundBrick.prefab using Guid(a32cd93ee88144772b3659974e94d041) Importer(815301076,1909f56bfc062723c751e8b465ee728b)  -> (artifact id: '4c85d9f21b36936f034e9e6db6b2565d') in 0.010345 seconds 
Editor requested this worker to shutdown with reason: Scaling down because of idle timeout
AssetImportWorker is now disconnected from the server
Process exiting
